IHDR
4IIDATx
;  	s
;w&9
^QDA
gUa{4
>),i
Q-p"
X#QY
x:/E
\aAD
x4o0
$M}b
LEtB
cL.krI
cL&E
"R0A
=IS&
$IUe
=>{H
^}`ia
<arQ$
%IyR
yBU3
IGZ?
^}`ia
h]U]}
L*jW
lV-B
cLc<'I
'zd`
OIRr
<%IS'
ki-U
&X)'I
CIWuE
-"Rq
G6rY
WV^N)I
<arQ
Sg>U
g)4h
l>]h
8? M3
(LVQ
82)RT
QUTT
J}]O
T/_9
*"}p
va[M
e:j\[Z
_C-<Tu
ulkm
p$	o_
?.^|
['&rh
q>Vn,
WR|p
qkV|
N|H,
nTu>
H %Q
xTJ25
XAqA
ma"|7
&uDr
FUKU
r;7I
2d}]O
&?2{/$qHc
dp^O
~OD>Lc
$&cJ
NYri
_d>A
PEEE
5QJ&
Y`IY
Dity6,
(01Y
P${h=Jz
q>^^]
~-"+
p7Nb
+pzl}
i'"R)"7
=VEJ
H\}o;
ZU}?
D$&"
oVdd
.o=3
p}Zp
Wn?F
O\D"
>sy}
u,~'J
 bI*
I0R=
,Ij*
<^Zpd
={"LN
T8Koi
Um-"
>."nk-
$MnO
U]$"/
IUVd("
:QU;
'dOn
;0QS
] "_
&{\-"
ulR%"58
}.9wC
D^IIA
&"/&
yKUO
~!"^
`x:	
jU;zh
IZj20
Q"R+"w
N6f5p
|_DN
TzQi9
e"r)p0p
T`0N
[Tu40
60?U
x[D2
E)X6
`]/"
Fc\S
-FtZ&
c\i0I
\1gy
6)%I
1fG)%I
Ry},:&
cLc<%I
xeU+
LmW^wC
Bkcc
#\1d
WX1lg
1M]hI
d,J^
v4mB
AN$I
x$//v
m^}`iaI
f?2;
K+>*
f?2;
Dh	Z
IEND
